<?xml version="1.0" encoding="utf-8"?><testsuites name="pytest tests"><testsuite name="pytest" errors="0" failures="0" skipped="0" tests="13" time="2.289" timestamp="2026-06-30T11:33:35.923376+07:00" hostname="LinhDo.local"><testcase classname="tests.test_pii.TestPIIDetection" name="test_cccd_detected" time="0.036" /><testcase classname="tests.test_pii.TestPIIDetection" name="test_phone_detected" time="0.015" /><testcase classname="tests.test_pii.TestPIIDetection" name="test_email_detected" time="0.015" /><testcase classname="tests.test_pii.TestPIIDetection" name="test_detection_rate_above_95_percent" time="0.197" /><testcase classname="tests.test_pii.TestAnonymization" name="test_pii_not_in_output" time="0.024" /><testcase classname="tests.test_pii.TestAnonymization" name="test_non_pii_columns_unchanged" time="0.020" /><testcase classname="tests.test_security_controls" name="test_rbac_endpoints[token-bob-/api/patients/raw-403]" time="0.003" /><testcase classname="tests.test_security_controls" name="test_rbac_endpoints[token-alice-/api/patients/raw-200]" time="0.004" /><testcase classname="tests.test_security_controls" name="test_rbac_endpoints[token-carol-/api/metrics/aggregated-200]" time="0.004" /><testcase classname="tests.test_security_controls" name="test_rbac_endpoints[token-dave-/api/metrics/aggregated-403]" time="0.002" /><testcase classname="tests.test_security_controls" name="test_missing_token_is_unauthorized" time="0.001" /><testcase classname="tests.test_security_controls" name="test_envelope_encryption_round_trip_and_tamper_detection" time="0.003" /><testcase classname="tests.test_security_controls" name="test_anonymized_file_validation" time="0.035" /></testsuite></testsuites>